This is pdfTeX, Version 3.14159265-2.6-1.40.17 (TeX Live 2016) (preloaded format=pdflatex 2016.5.22)  20 FEB 2017 19:54
entering extended mode
 restricted \write18 enabled.
 %&-line parsing enabled.
**HW3_1.tex
(./HW3_1.tex
LaTeX2e <2016/03/31>
Babel <3.9r> and hyphenation patterns for 83 language(s) loaded.
(/usr/local/texlive/2016/texmf-dist/tex/latex/base/article.cls
Document Class: article 2014/09/29 v1.4h Standard LaTeX document class
(/usr/local/texlive/2016/texmf-dist/tex/latex/base/size12.clo
File: size12.clo 2014/09/29 v1.4h Standard LaTeX file (size option)
)
\c@part=\count79
\c@section=\count80
\c@subsection=\count81
\c@subsubsection=\count82
\c@paragraph=\count83
\c@subparagraph=\count84
\c@figure=\count85
\c@table=\count86
\abovecaptionskip=\skip41
\belowcaptionskip=\skip42
\bibindent=\dimen102
)
(/usr/local/texlive/2016/texmf-dist/tex/latex/preprint/fullpage.sty
Package: fullpage 1999/02/23 1.1 (PWD)
\FP@margin=\skip43
)
(/usr/local/texlive/2016/texmf-dist/tex/latex/amsmath/amsmath.sty
Package: amsmath 2016/03/10 v2.15b AMS math features
\@mathmargin=\skip44

For additional information on amsmath, use the `?' option.
(/usr/local/texlive/2016/texmf-dist/tex/latex/amsmath/amstext.sty
Package: amstext 2000/06/29 v2.01 AMS text

(/usr/local/texlive/2016/texmf-dist/tex/latex/amsmath/amsgen.sty
File: amsgen.sty 1999/11/30 v2.0 generic functions
\@emptytoks=\toks14
\ex@=\dimen103
))
(/usr/local/texlive/2016/texmf-dist/tex/latex/amsmath/amsbsy.sty
Package: amsbsy 1999/11/29 v1.2d Bold Symbols
\pmbraise@=\dimen104
)
(/usr/local/texlive/2016/texmf-dist/tex/latex/amsmath/amsopn.sty
Package: amsopn 2016/03/08 v2.02 operator names
)
\inf@bad=\count87
LaTeX Info: Redefining \frac on input line 199.
\uproot@=\count88
\leftroot@=\count89
LaTeX Info: Redefining \overline on input line 297.
\classnum@=\count90
\DOTSCASE@=\count91
LaTeX Info: Redefining \ldots on input line 394.
LaTeX Info: Redefining \dots on input line 397.
LaTeX Info: Redefining \cdots on input line 518.
\Mathstrutbox@=\box26
\strutbox@=\box27
\big@size=\dimen105
LaTeX Font Info:    Redeclaring font encoding OML on input line 634.
LaTeX Font Info:    Redeclaring font encoding OMS on input line 635.
\macc@depth=\count92
\c@MaxMatrixCols=\count93
\dotsspace@=\muskip10
\c@parentequation=\count94
\dspbrk@lvl=\count95
\tag@help=\toks15
\row@=\count96
\column@=\count97
\maxfields@=\count98
\andhelp@=\toks16
\eqnshift@=\dimen106
\alignsep@=\dimen107
\tagshift@=\dimen108
\tagwidth@=\dimen109
\totwidth@=\dimen110
\lineht@=\dimen111
\@envbody=\toks17
\multlinegap=\skip45
\multlinetaggap=\skip46
\mathdisplay@stack=\toks18
LaTeX Info: Redefining \[ on input line 2739.
LaTeX Info: Redefining \] on input line 2740.
)
(/usr/local/texlive/2016/texmf-dist/tex/latex/amsfonts/amssymb.sty
Package: amssymb 2013/01/14 v3.01 AMS font symbols

(/usr/local/texlive/2016/texmf-dist/tex/latex/amsfonts/amsfonts.sty
Package: amsfonts 2013/01/14 v3.01 Basic AMSFonts support
\symAMSa=\mathgroup4
\symAMSb=\mathgroup5
LaTeX Font Info:    Overwriting math alphabet `\mathfrak' in version `bold'
(Font)                  U/euf/m/n --> U/euf/b/n on input line 106.
))
\c@proof=\count99

(/usr/local/texlive/2016/texmf-dist/tex/latex/algorithms/algorithm.sty
Package: algorithm 2009/08/24 v0.1 Document Style `algorithm' - floating enviro
nment

(/usr/local/texlive/2016/texmf-dist/tex/latex/float/float.sty
Package: float 2001/11/08 v1.3d Float enhancements (AL)
\c@float@type=\count100
\float@exts=\toks19
\float@box=\box28
\@float@everytoks=\toks20
\@floatcapt=\box29
)
(/usr/local/texlive/2016/texmf-dist/tex/latex/base/ifthen.sty
Package: ifthen 2014/09/29 v1.1c Standard LaTeX ifthen package (DPC)
)
\@float@every@algorithm=\toks21
\c@algorithm=\count101
)
(/usr/local/texlive/2016/texmf-dist/tex/latex/algorithmicx/algpseudocode.sty
Package: algpseudocode 

(/usr/local/texlive/2016/texmf-dist/tex/latex/algorithmicx/algorithmicx.sty
Package: algorithmicx 2005/04/27 v1.2 Algorithmicx

Document Style algorithmicx 1.2 - a greatly improved `algorithmic' style
\c@ALG@line=\count102
\c@ALG@rem=\count103
\c@ALG@nested=\count104
\ALG@tlm=\skip47
\ALG@thistlm=\skip48
\c@ALG@Lnr=\count105
\c@ALG@blocknr=\count106
\c@ALG@storecount=\count107
\c@ALG@tmpcounter=\count108
\ALG@tmplength=\skip49
)
Document Style - pseudocode environments for use with the `algorithmicx' style
) (/usr/local/texlive/2016/texmf-dist/tex/latex/graphics/graphicx.sty
Package: graphicx 2014/10/28 v1.0g Enhanced LaTeX Graphics (DPC,SPQR)

(/usr/local/texlive/2016/texmf-dist/tex/latex/graphics/keyval.sty
Package: keyval 2014/10/28 v1.15 key=value parser (DPC)
\KV@toks@=\toks22
)
(/usr/local/texlive/2016/texmf-dist/tex/latex/graphics/graphics.sty
Package: graphics 2016/05/09 v1.0r Standard LaTeX Graphics (DPC,SPQR)

(/usr/local/texlive/2016/texmf-dist/tex/latex/graphics/trig.sty
Package: trig 2016/01/03 v1.10 sin cos tan (DPC)
)
(/usr/local/texlive/2016/texmf-dist/tex/latex/graphics-cfg/graphics.cfg
File: graphics.cfg 2016/01/02 v1.10 sample graphics configuration
)
Package graphics Info: Driver file: pdftex.def on input line 96.

(/usr/local/texlive/2016/texmf-dist/tex/latex/pdftex-def/pdftex.def
File: pdftex.def 2011/05/27 v0.06d Graphics/color for pdfTeX

(/usr/local/texlive/2016/texmf-dist/tex/generic/oberdiek/infwarerr.sty
Package: infwarerr 2016/05/16 v1.4 Providing info/warning/error messages (HO)
)
(/usr/local/texlive/2016/texmf-dist/tex/generic/oberdiek/ltxcmds.sty
Package: ltxcmds 2016/05/16 v1.23 LaTeX kernel commands for general use (HO)
)
\Gread@gobject=\count109
))
\Gin@req@height=\dimen112
\Gin@req@width=\dimen113
)
(./HW3_1.aux)
\openout1 = `HW3_1.aux'.

LaTeX Font Info:    Checking defaults for OML/cmm/m/it on input line 15.
LaTeX Font Info:    ... okay on input line 15.
LaTeX Font Info:    Checking defaults for T1/cmr/m/n on input line 15.
LaTeX Font Info:    ... okay on input line 15.
LaTeX Font Info:    Checking defaults for OT1/cmr/m/n on input line 15.
LaTeX Font Info:    ... okay on input line 15.
LaTeX Font Info:    Checking defaults for OMS/cmsy/m/n on input line 15.
LaTeX Font Info:    ... okay on input line 15.
LaTeX Font Info:    Checking defaults for OMX/cmex/m/n on input line 15.
LaTeX Font Info:    ... okay on input line 15.
LaTeX Font Info:    Checking defaults for U/cmr/m/n on input line 15.
LaTeX Font Info:    ... okay on input line 15.

(/usr/local/texlive/2016/texmf-dist/tex/context/base/mkii/supp-pdf.mkii
[Loading MPS to PDF converter (version 2006.09.02).]
\scratchcounter=\count110
\scratchdimen=\dimen114
\scratchbox=\box30
\nofMPsegments=\count111
\nofMParguments=\count112
\everyMPshowfont=\toks23
\MPscratchCnt=\count113
\MPscratchDim=\dimen115
\MPnumerator=\count114
\makeMPintoPDFobject=\count115
\everyMPtoPDFconversion=\toks24
) (/usr/local/texlive/2016/texmf-dist/tex/generic/oberdiek/pdftexcmds.sty
Package: pdftexcmds 2016/05/10 v0.21 Utility functions of pdfTeX for LuaTeX (HO
)

(/usr/local/texlive/2016/texmf-dist/tex/generic/oberdiek/ifluatex.sty
Package: ifluatex 2016/05/16 v1.4 Provides the ifluatex switch (HO)
Package ifluatex Info: LuaTeX not detected.
)
(/usr/local/texlive/2016/texmf-dist/tex/generic/oberdiek/ifpdf.sty
Package: ifpdf 2016/05/14 v3.1 Provides the ifpdf switch
)
Package pdftexcmds Info: LuaTeX not detected.
Package pdftexcmds Info: \pdf@primitive is available.
Package pdftexcmds Info: \pdf@ifprimitive is available.
Package pdftexcmds Info: \pdfdraftmode found.
)
(/usr/local/texlive/2016/texmf-dist/tex/latex/oberdiek/epstopdf-base.sty
Package: epstopdf-base 2016/05/15 v2.6 Base part for package epstopdf

(/usr/local/texlive/2016/texmf-dist/tex/latex/oberdiek/grfext.sty
Package: grfext 2016/05/16 v1.2 Manage graphics extensions (HO)

(/usr/local/texlive/2016/texmf-dist/tex/generic/oberdiek/kvdefinekeys.sty
Package: kvdefinekeys 2016/05/16 v1.4 Define keys (HO)
))
(/usr/local/texlive/2016/texmf-dist/tex/latex/oberdiek/kvoptions.sty
Package: kvoptions 2016/05/16 v3.12 Key value format for package options (HO)

(/usr/local/texlive/2016/texmf-dist/tex/generic/oberdiek/kvsetkeys.sty
Package: kvsetkeys 2016/05/16 v1.17 Key value parser (HO)

(/usr/local/texlive/2016/texmf-dist/tex/generic/oberdiek/etexcmds.sty
Package: etexcmds 2016/05/16 v1.6 Avoid name clashes with e-TeX commands (HO)
Package etexcmds Info: Could not find \expanded.
(etexcmds)             That can mean that you are not using pdfTeX 1.50 or
(etexcmds)             that some package has redefined \expanded.
(etexcmds)             In the latter case, load this package earlier.
)))
Package grfext Info: Graphics extension search list:
(grfext)             [.png,.pdf,.jpg,.mps,.jpeg,.jbig2,.jb2,.PNG,.PDF,.JPG,.JPE
G,.JBIG2,.JB2,.eps]
(grfext)             \AppendGraphicsExtensions on input line 456.

(/usr/local/texlive/2016/texmf-dist/tex/latex/latexconfig/epstopdf-sys.cfg
File: epstopdf-sys.cfg 2010/07/13 v1.3 Configuration of (r)epstopdf for TeX Liv
e
))
LaTeX Font Info:    Try loading font information for U+msa on input line 16.

(/usr/local/texlive/2016/texmf-dist/tex/latex/amsfonts/umsa.fd
File: umsa.fd 2013/01/14 v3.01 AMS symbols A
)
LaTeX Font Info:    Try loading font information for U+msb on input line 16.

(/usr/local/texlive/2016/texmf-dist/tex/latex/amsfonts/umsb.fd
File: umsb.fd 2013/01/14 v3.01 AMS symbols B
)
Underfull \hbox (badness 10000) in paragraph at lines 18--19

 []


Underfull \hbox (badness 10000) in paragraph at lines 20--26

 []


Underfull \hbox (badness 10000) in paragraph at lines 20--26

 []


Underfull \hbox (badness 10000) in paragraph at lines 20--26

 []


Underfull \hbox (badness 10000) in paragraph at lines 27--30

 []


Underfull \hbox (badness 10000) in paragraph at lines 27--30

 []


Underfull \hbox (badness 10000) in paragraph at lines 31--35

 []


Underfull \hbox (badness 10000) in paragraph at lines 31--35

 []


Underfull \hbox (badness 10000) in paragraph at lines 36--37

 []


Underfull \hbox (badness 10000) in paragraph at lines 38--39

 []


Underfull \hbox (badness 10000) in paragraph at lines 40--45

 []


Underfull \hbox (badness 10000) in paragraph at lines 40--45

 []


Underfull \hbox (badness 10000) in paragraph at lines 40--45

 []


Underfull \hbox (badness 10000) in paragraph at lines 46--50

 []

[1

{/usr/local/texlive/2016/texmf-var/fonts/map/pdftex/updmap/pdftex.map}]
Underfull \hbox (badness 10000) in paragraph at lines 51--214

 []


Underfull \hbox (badness 10000) in paragraph at lines 51--214

 []


Underfull \hbox (badness 10000) in paragraph at lines 51--214

 []


Underfull \hbox (badness 10000) in paragraph at lines 51--214

 []


Underfull \hbox (badness 10000) in paragraph at lines 51--214

 []


Underfull \hbox (badness 10000) in paragraph at lines 51--214

 []


Underfull \hbox (badness 10000) in paragraph at lines 51--214

 []


Underfull \hbox (badness 10000) in paragraph at lines 51--214

 []


Underfull \hbox (badness 10000) in paragraph at lines 51--214

 []


Underfull \hbox (badness 10000) in paragraph at lines 51--214

 []


Underfull \hbox (badness 10000) in paragraph at lines 51--214

 []


Underfull \hbox (badness 10000) in paragraph at lines 51--214

 []


Underfull \hbox (badness 10000) in paragraph at lines 51--214

 []


Underfull \hbox (badness 10000) in paragraph at lines 51--214

 []


Underfull \hbox (badness 10000) in paragraph at lines 51--214

 []


Underfull \hbox (badness 10000) in paragraph at lines 51--214

 []


Underfull \hbox (badness 10000) in paragraph at lines 51--214

 []


Underfull \hbox (badness 10000) in paragraph at lines 51--214

 []


Underfull \hbox (badness 10000) in paragraph at lines 51--214

 []


Underfull \hbox (badness 10000) in paragraph at lines 51--214

 []


Underfull \hbox (badness 10000) in paragraph at lines 51--214

 []


Underfull \hbox (badness 10000) in paragraph at lines 51--214

 []


Underfull \hbox (badness 10000) in paragraph at lines 51--214

 []


Underfull \hbox (badness 10000) in paragraph at lines 51--214

 []


Underfull \hbox (badness 10000) in paragraph at lines 51--214

 []


Underfull \hbox (badness 10000) in paragraph at lines 51--214

 []


Underfull \hbox (badness 10000) in paragraph at lines 51--214

 []


Underfull \hbox (badness 10000) in paragraph at lines 51--214

 []


Underfull \hbox (badness 10000) in paragraph at lines 51--214

 []


Underfull \hbox (badness 10000) in paragraph at lines 51--214

 []


Underfull \hbox (badness 10000) in paragraph at lines 51--214

 []


Underfull \hbox (badness 10000) in paragraph at lines 51--214

 []


Underfull \hbox (badness 10000) in paragraph at lines 51--214

 []


Underfull \hbox (badness 10000) in paragraph at lines 51--214

 []


Underfull \hbox (badness 10000) in paragraph at lines 51--214

 []


Underfull \hbox (badness 10000) in paragraph at lines 51--214

 []


Underfull \hbox (badness 10000) in paragraph at lines 51--214

 []


Underfull \hbox (badness 10000) in paragraph at lines 51--214

 []


Underfull \hbox (badness 10000) in paragraph at lines 51--214

 []


Underfull \hbox (badness 10000) in paragraph at lines 51--214

 []


Underfull \hbox (badness 10000) in paragraph at lines 51--214

 []


Underfull \hbox (badness 10000) in paragraph at lines 51--214

 []


Underfull \hbox (badness 10000) in paragraph at lines 51--214

 []


Underfull \hbox (badness 10000) in paragraph at lines 51--214

 []


Underfull \hbox (badness 10000) in paragraph at lines 51--214

 []


Underfull \hbox (badness 10000) in paragraph at lines 51--214

 []


Underfull \hbox (badness 10000) in paragraph at lines 51--214

 []


Underfull \hbox (badness 10000) in paragraph at lines 51--214

 []


Underfull \hbox (badness 10000) in paragraph at lines 51--214

 []


Underfull \hbox (badness 10000) in paragraph at lines 51--214

 []


Underfull \hbox (badness 10000) in paragraph at lines 51--214

 []


Underfull \hbox (badness 10000) in paragraph at lines 51--214

 []


Underfull \hbox (badness 10000) in paragraph at lines 51--214

 []


Underfull \hbox (badness 10000) in paragraph at lines 51--214

 []


Underfull \hbox (badness 10000) in paragraph at lines 51--214

 []


Underfull \hbox (badness 10000) in paragraph at lines 51--214

 []


Underfull \hbox (badness 10000) in paragraph at lines 51--214

 []


Underfull \hbox (badness 10000) in paragraph at lines 51--214

 []


Overfull \hbox (45.99934pt too wide) in paragraph at lines 51--214
\OT1/cmr/m/n/12 - The best value for learn-ing rate and reg-u-lar-iza-tion stre
ngth are: lr=1.000000e-06, reg=1.000000e+05.
 []


Underfull \hbox (badness 10000) in paragraph at lines 51--214

 []


Underfull \hbox (badness 10000) in paragraph at lines 51--214

 []


Underfull \hbox (badness 10000) in paragraph at lines 51--214

 []

[2] [3] [4] <OVA_conf.png, id=29, 541.02126pt x 197.73875pt>
File: OVA_conf.png Graphic file (type png)

<use OVA_conf.png>
Package pdftex.def Info: OVA_conf.png used on input line 216.
(pdftex.def)             Requested size: 227.62204pt x 83.19453pt.
 <SOFTMAX_conf.png, id=31, 593.0958pt x 189.8292pt>
File: SOFTMAX_conf.png Graphic file (type png)

<use SOFTMAX_conf.png>
Package pdftex.def Info: SOFTMAX_conf.png used on input line 222.
(pdftex.def)             Requested size: 227.62204pt x 72.85129pt.

<precision_recall.png, id=32, 290.08376pt x 215.80624pt>
File: precision_recall.png Graphic file (type png)

<use precision_recall.png>
Package pdftex.def Info: precision_recall.png used on input line 228.
(pdftex.def)             Requested size: 227.62204pt x 169.33911pt.
 <CIFAR-10.png, id=33, 593.0958pt x 364.2408pt>
File: CIFAR-10.png Graphic file (type png)

<use CIFAR-10.png>
Package pdftex.def Info: CIFAR-10.png used on input line 234.
(pdftex.def)             Requested size: 227.62204pt x 139.78574pt.

Underfull \hbox (badness 10000) in paragraph at lines 239--240

 []

[5 <./OVA_conf.png> <./SOFTMAX_conf.png>] [6 <./precision_recall.png> <./CIFAR-
10.png>] <ExtraCredit.png, id=44, 290.2845pt x 251.0178pt>
File: ExtraCredit.png Graphic file (type png)

<use ExtraCredit.png>
Package pdftex.def Info: ExtraCredit.png used on input line 244.
(pdftex.def)             Requested size: 227.62204pt x 196.83107pt.

Underfull \hbox (badness 10000) in paragraph at lines 249--261

 []


Underfull \hbox (badness 10000) in paragraph at lines 249--261

 []

[7 <./ExtraCredit.png>] (./HW3_1.aux) ) 
Here is how much of TeX's memory you used:
 3039 strings out of 493014
 41128 string characters out of 6133351
 115409 words of memory out of 5000000
 6528 multiletter control sequences out of 15000+600000
 12111 words of font info for 47 fonts, out of 8000000 for 9000
 1141 hyphenation exceptions out of 8191
 37i,6n,26p,391b,232s stack positions out of 5000i,500n,10000p,200000b,80000s
</usr/local/texlive/2016/texmf-dist/font
s/type1/public/amsfonts/cm/cmbx12.pfb></usr/local/texlive/2016/texmf-dist/fonts
/type1/public/amsfonts/cm/cmex10.pfb></usr/local/texlive/2016/texmf-dist/fonts/
type1/public/amsfonts/cmextra/cmex8.pfb></usr/local/texlive/2016/texmf-dist/fon
ts/type1/public/amsfonts/cm/cmmi12.pfb></usr/local/texlive/2016/texmf-dist/font
s/type1/public/amsfonts/cm/cmmi6.pfb></usr/local/texlive/2016/texmf-dist/fonts/
type1/public/amsfonts/cm/cmmi8.pfb></usr/local/texlive/2016/texmf-dist/fonts/ty
pe1/public/amsfonts/cm/cmr12.pfb></usr/local/texlive/2016/texmf-dist/fonts/type
1/public/amsfonts/cm/cmr17.pfb></usr/local/texlive/2016/texmf-dist/fonts/type1/
public/amsfonts/cm/cmr6.pfb></usr/local/texlive/2016/texmf-dist/fonts/type1/pub
lic/amsfonts/cm/cmr8.pfb></usr/local/texlive/2016/texmf-dist/fonts/type1/public
/amsfonts/cm/cmsy10.pfb></usr/local/texlive/2016/texmf-dist/fonts/type1/public/
amsfonts/cm/cmsy6.pfb></usr/local/texlive/2016/texmf-dist/fonts/type1/public/am
sfonts/cm/cmsy8.pfb></usr/local/texlive/2016/texmf-dist/fonts/type1/public/amsf
onts/symbols/msbm10.pfb>
Output written on HW3_1.pdf (7 pages, 963639 bytes).
PDF statistics:
 95 PDF objects out of 1000 (max. 8388607)
 61 compressed objects within 1 object stream
 0 named destinations out of 1000 (max. 500000)
 26 words of extra memory for PDF output out of 10000 (max. 10000000)

